 PATH  FOUND 
SVG scale factor = 1.000000
SVG offset = 0.000000,0.000000
POLYGON  0)
	raw = 0.00,2.82	coord = 0.00,2.82
	raw = 8.34,1.93	coord = 8.34,4.75
	raw = 8.80,1.84	coord = 17.14,6.59
	raw = 11.93,1.22	coord = 29.08,7.81
	raw = 12.00,1.22	coord = 41.08,9.04
	raw = 13.00,1.67	coord = 54.08,10.71
	raw = 13.00,2.22	coord = 67.08,12.93
End polygon at 8.34,1.93

 PATH  FOUND 
SVG scale factor = 1.000000
SVG offset = 0.000000,0.000000
POLYGON  1)
	raw = 0.00,13.00	coord = 8.34,14.93
	raw = 7.88,15.00	coord = 16.22,29.93
	raw = 6.50,15.00	coord = 22.72,44.93
	raw = 4.00,14.11	coord = 26.72,59.04
	raw = 4.00,13.00	coord = 30.72,72.04
	raw = 5.12,11.00	coord = 35.84,83.04
	raw = 6.50,11.00	coord = 42.34,94.04
	raw = 9.00,11.89	coord = 51.34,105.93
	raw = 9.00,13.00	coord = 60.34,118.93
End polygon at 7.88,15.00

 PATH  FOUND 
SVG scale factor = 1.000000
SVG offset = 0.000000,0.000000
POLYGON  2)
	raw = 0.00,53.02	coord = 7.88,68.02
End polygon at 0.00,0.00

 PATH  FOUND 
SVG scale factor = 1.000000
SVG offset = 0.000000,0.000000
POLYGON  3)
	raw = 0.00,10.00	coord = 0.00,10.00
End polygon at 0.00,0.00


Object origin:
33.538500 59.466500

Eagle Command:
set wire_bend 2;
change layer tPlace;
set width 0.100000;
poly (R -335.385000 566.465000) (R -251.995000 547.135000) (R -163.955000 528.735000) (R -44.615000 516.525000) (R 75.385000 504.315000) (R 205.385000 487.595000) (R 335.385000 465.395000) (R -251.995000 575.335000) (R -251.995000 445.335000) (R -173.195000 295.335000) (R -108.195000 145.335000) (R -68.195000 4.285000) (R -28.195000 -125.715000) (R 23.005000 -235.715000) (R 88.005000 -345.715000) (R 178.005000 -464.665000) (R 268.005000 -594.665000) (R -256.585000 444.665000) (R -256.585000 -85.485000) (R -335.385000 594.665000) (R -335.385000 494.645000) (R -335.385000 594.665000);

